C:\USERS\ADMINISTRATOR\DESKTOP\MAINWIDGET\DEBUG\MAINWIDGET.EXE
C:\USERS\ADMINISTRATOR\DESKTOP\MAINWIDGET\DEBUG\MAINWIDGET.ILK
C:\USERS\ADMINISTRATOR\DESKTOP\MAINWIDGET\DEBUG\MAINWIDGET.PDB
C:\USERS\ADMINISTRATOR\DESKTOP\MAINWIDGET\DEBUG\MOC_GLWIDGET.CPP
C:\USERS\ADMINISTRATOR\DESKTOP\MAINWIDGET\DEBUG\MOC_LINESCANDIALOG.CPP
C:\USERS\ADMINISTRATOR\DESKTOP\MAINWIDGET\DEBUG\MOC_LOGINDLG.CPP
C:\USERS\ADMINISTRATOR\DESKTOP\MAINWIDGET\DEBUG\MOC_MAINWINDOW.CPP
C:\USERS\ADMINISTRATOR\DESKTOP\MAINWIDGET\GENERATEDFILES\UI_LINESCANDIALOG.H
C:\USERS\ADMINISTRATOR\DESKTOP\MAINWIDGET\GENERATEDFILES\UI_LOGINDLG.H
C:\USERS\ADMINISTRATOR\DESKTOP\MAINWIDGET\GENERATEDFILES\UI_MAINWINDOW.H
C:\USERS\ADMINISTRATOR\DESKTOP\MAINWIDGET\WIN32\DEBUG\GENERATE_LINE.OBJ
C:\USERS\ADMINISTRATOR\DESKTOP\MAINWIDGET\WIN32\DEBUG\GLWIDGET.OBJ
C:\USERS\ADMINISTRATOR\DESKTOP\MAINWIDGET\WIN32\DEBUG\GLWIDGET5.OBJ
C:\USERS\ADMINISTRATOR\DESKTOP\MAINWIDGET\WIN32\DEBUG\LINESCANDIALOG.OBJ
C:\USERS\ADMINISTRATOR\DESKTOP\MAINWIDGET\WIN32\DEBUG\LOGINDLG.OBJ
C:\USERS\ADMINISTRATOR\DESKTOP\MAINWIDGET\WIN32\DEBUG\MAIN.OBJ
C:\USERS\ADMINISTRATOR\DESKTOP\MAINWIDGET\WIN32\DEBUG\MAINWIDGET.EXE.INTERMEDIATE.MANIFEST
C:\USERS\ADMINISTRATOR\DESKTOP\MAINWIDGET\WIN32\DEBUG\MAINWINDOW.OBJ
C:\USERS\ADMINISTRATOR\DESKTOP\MAINWIDGET\WIN32\DEBUG\MOC_GLWIDGET.OBJ
C:\USERS\ADMINISTRATOR\DESKTOP\MAINWIDGET\WIN32\DEBUG\MOC_LINESCANDIALOG.OBJ
C:\USERS\ADMINISTRATOR\DESKTOP\MAINWIDGET\WIN32\DEBUG\MOC_LOGINDLG.OBJ
C:\USERS\ADMINISTRATOR\DESKTOP\MAINWIDGET\WIN32\DEBUG\MOC_MAINWINDOW.OBJ
C:\USERS\ADMINISTRATOR\DESKTOP\MAINWIDGET\WIN32\DEBUG\QANDS.OBJ
C:\USERS\ADMINISTRATOR\DESKTOP\MAINWIDGET\WIN32\DEBUG\VC100.PDB
C:\USERS\ADMINISTRATOR\DESKTOP\MAINWIDGETADDBMPADD_SPEED\DEBUG\MAINWIDGET.EXE
C:\USERS\ADMINISTRATOR\DESKTOP\MAINWIDGETADDBMPADD_SPEED\DEBUG\MAINWIDGET.ILK
C:\USERS\ADMINISTRATOR\DESKTOP\MAINWIDGETADDBMPADD_SPEED\DEBUG\MAINWIDGET.PDB
C:\USERS\ADMINISTRATOR\DESKTOP\MAINWIDGETADDBMPADD_SPEED\DEBUG\MOC_BMPDIALOG.CPP
C:\USERS\ADMINISTRATOR\DESKTOP\MAINWIDGETADDBMPADD_SPEED\DEBUG\MOC_DISPLAYLAYERDIALOG.CPP
C:\USERS\ADMINISTRATOR\DESKTOP\MAINWIDGETADDBMPADD_SPEED\DEBUG\MOC_LINESCANDIALOG.CPP
C:\USERS\ADMINISTRATOR\DESKTOP\MAINWIDGETADDBMPADD_SPEED\DEBUG\MOC_LOGINDLG.CPP
C:\USERS\ADMINISTRATOR\DESKTOP\MAINWIDGETADDBMPADD_SPEED\DEBUG\MOC_MAINWINDOW.CPP
C:\USERS\ADMINISTRATOR\DESKTOP\MAINWIDGETADDBMPADD_SPEED\GENERATEDFILES\QRC_IMAGES.CPP
C:\USERS\ADMINISTRATOR\DESKTOP\MAINWIDGETADDBMPADD_SPEED\GENERATEDFILES\UI_BMPDIALOG.H
C:\USERS\ADMINISTRATOR\DESKTOP\MAINWIDGETADDBMPADD_SPEED\GENERATEDFILES\UI_DISPLAYLAYERDIALOG.H
C:\USERS\ADMINISTRATOR\DESKTOP\MAINWIDGETADDBMPADD_SPEED\GENERATEDFILES\UI_GLWIDGET.H
C:\USERS\ADMINISTRATOR\DESKTOP\MAINWIDGETADDBMPADD_SPEED\GENERATEDFILES\UI_LINESCANDIALOG.H
C:\USERS\ADMINISTRATOR\DESKTOP\MAINWIDGETADDBMPADD_SPEED\GENERATEDFILES\UI_LOGINDLG.H
C:\USERS\ADMINISTRATOR\DESKTOP\MAINWIDGETADDBMPADD_SPEED\GENERATEDFILES\UI_MAINWINDOW.H
C:\USERS\ADMINISTRATOR\DESKTOP\MAINWIDGETADDBMPADD_SPEED\WIN32\DEBUG\BMPDIALOG.OBJ
C:\Users\Administrator\Desktop\mainWidgetADDbmpADD_speed\Win32\Debug\cl.command.1.tlog
C:\Users\Administrator\Desktop\mainWidgetADDbmpADD_speed\Win32\Debug\CL.read.1.tlog
C:\Users\Administrator\Desktop\mainWidgetADDbmpADD_speed\Win32\Debug\CL.write.1.tlog
C:\Users\Administrator\Desktop\mainWidgetADDbmpADD_speed\Win32\Debug\custombuild.command.1.tlog
C:\Users\Administrator\Desktop\mainWidgetADDbmpADD_speed\Win32\Debug\custombuild.read.1.tlog
C:\Users\Administrator\Desktop\mainWidgetADDbmpADD_speed\Win32\Debug\custombuild.write.1.tlog
C:\USERS\ADMINISTRATOR\DESKTOP\MAINWIDGETADDBMPADD_SPEED\WIN32\DEBUG\DISPLAYLAYERDIALOG.OBJ
C:\USERS\ADMINISTRATOR\DESKTOP\MAINWIDGETADDBMPADD_SPEED\WIN32\DEBUG\GENERATE_LINE.OBJ
C:\USERS\ADMINISTRATOR\DESKTOP\MAINWIDGETADDBMPADD_SPEED\WIN32\DEBUG\GLWIDGET.OBJ
C:\USERS\ADMINISTRATOR\DESKTOP\MAINWIDGETADDBMPADD_SPEED\WIN32\DEBUG\GLWIDGET5.OBJ
C:\USERS\ADMINISTRATOR\DESKTOP\MAINWIDGETADDBMPADD_SPEED\WIN32\DEBUG\LINESCANDIALOG.OBJ
C:\Users\Administrator\Desktop\mainWidgetADDbmpADD_speed\Win32\Debug\link.command.1.tlog
C:\Users\Administrator\Desktop\mainWidgetADDbmpADD_speed\Win32\Debug\link.read.1.tlog
C:\Users\Administrator\Desktop\mainWidgetADDbmpADD_speed\Win32\Debug\link.write.1.tlog
C:\USERS\ADMINISTRATOR\DESKTOP\MAINWIDGETADDBMPADD_SPEED\WIN32\DEBUG\LOGINDLG.OBJ
C:\USERS\ADMINISTRATOR\DESKTOP\MAINWIDGETADDBMPADD_SPEED\WIN32\DEBUG\MAIN.OBJ
C:\USERS\ADMINISTRATOR\DESKTOP\MAINWIDGETADDBMPADD_SPEED\WIN32\DEBUG\MAINWIDGET.EXE.INTERMEDIATE.MANIFEST
C:\Users\Administrator\Desktop\mainWidgetADDbmpADD_speed\Win32\Debug\mainWidget.vcxprojResolveAssemblyReference.cache
C:\Users\Administrator\Desktop\mainWidgetADDbmpADD_speed\Win32\Debug\mainWidget.write.1.tlog
C:\USERS\ADMINISTRATOR\DESKTOP\MAINWIDGETADDBMPADD_SPEED\WIN32\DEBUG\MAINWINDOW.OBJ
C:\USERS\ADMINISTRATOR\DESKTOP\MAINWIDGETADDBMPADD_SPEED\WIN32\DEBUG\MOC_BMPDIALOG.OBJ
C:\USERS\ADMINISTRATOR\DESKTOP\MAINWIDGETADDBMPADD_SPEED\WIN32\DEBUG\MOC_DISPLAYLAYERDIALOG.OBJ
C:\Users\Administrator\Desktop\mainWidgetADDbmpADD_speed\Win32\Debug\moc_glwidget.obj
C:\USERS\ADMINISTRATOR\DESKTOP\MAINWIDGETADDBMPADD_SPEED\WIN32\DEBUG\MOC_LINESCANDIALOG.OBJ
C:\USERS\ADMINISTRATOR\DESKTOP\MAINWIDGETADDBMPADD_SPEED\WIN32\DEBUG\MOC_LOGINDLG.OBJ
C:\USERS\ADMINISTRATOR\DESKTOP\MAINWIDGETADDBMPADD_SPEED\WIN32\DEBUG\MOC_MAINWINDOW.OBJ
C:\Users\Administrator\Desktop\mainWidgetADDbmpADD_speed\Win32\Debug\mt.command.1.tlog
C:\Users\Administrator\Desktop\mainWidgetADDbmpADD_speed\Win32\Debug\mt.read.1.tlog
C:\Users\Administrator\Desktop\mainWidgetADDbmpADD_speed\Win32\Debug\mt.write.1.tlog
C:\USERS\ADMINISTRATOR\DESKTOP\MAINWIDGETADDBMPADD_SPEED\WIN32\DEBUG\QANDS.OBJ
C:\USERS\ADMINISTRATOR\DESKTOP\MAINWIDGETADDBMPADD_SPEED\WIN32\DEBUG\QRC_IMAGES.OBJ
C:\USERS\ADMINISTRATOR\DESKTOP\MAINWIDGETADDBMPADD_SPEED\WIN32\DEBUG\VC100.PDB
D:\QT_PROJECT\MAINWIDGET\DEBUG\MAINWIDGET.EXE
D:\QT_PROJECT\MAINWIDGET\DEBUG\MAINWIDGET.ILK
D:\QT_PROJECT\MAINWIDGET\DEBUG\MAINWIDGET.PDB
D:\QT_PROJECT\MAINWIDGET\DEBUG\MOC_GLWIDGET.CPP
D:\QT_PROJECT\MAINWIDGET\DEBUG\MOC_LOGINDLG.CPP
D:\QT_PROJECT\MAINWIDGET\DEBUG\MOC_MAINWINDOW.CPP
D:\QT_PROJECT\MAINWIDGET\GENERATEDFILES\UI_LOGINDLG.H
D:\QT_PROJECT\MAINWIDGET\GENERATEDFILES\UI_MAINWINDOW.H
D:\QT_PROJECT\MAINWIDGET\WIN32\DEBUG\GENERATE_LINE.OBJ
D:\QT_PROJECT\MAINWIDGET\WIN32\DEBUG\GLWIDGET.OBJ
D:\QT_PROJECT\MAINWIDGET\WIN32\DEBUG\GLWIDGET5.OBJ
D:\QT_PROJECT\MAINWIDGET\WIN32\DEBUG\LOGINDLG.OBJ
D:\QT_PROJECT\MAINWIDGET\WIN32\DEBUG\MAIN.OBJ
D:\QT_PROJECT\MAINWIDGET\WIN32\DEBUG\MAINWIDGET.EXE.INTERMEDIATE.MANIFEST
D:\QT_PROJECT\MAINWIDGET\WIN32\DEBUG\MAINWINDOW.OBJ
D:\QT_PROJECT\MAINWIDGET\WIN32\DEBUG\MOC_GLWIDGET.OBJ
D:\QT_PROJECT\MAINWIDGET\WIN32\DEBUG\MOC_LOGINDLG.OBJ
D:\QT_PROJECT\MAINWIDGET\WIN32\DEBUG\MOC_MAINWINDOW.OBJ
D:\QT_PROJECT\MAINWIDGET\WIN32\DEBUG\QANDS.OBJ
D:\QT_PROJECT\MAINWIDGET\WIN32\DEBUG\VC100.PDB
debug\mainWidget.ilk
debug\mainWidget.pdb
