生成启动时间为 2015/5/7 11:13:14。
     1>项目“C:\Users\Administrator\Desktop\mainWidgetADDbmpADD_speed\mainWidget.vcxproj”在节点 2 上(build 个目标)。
     1>C:\Program Files\MSBuild\Microsoft.Cpp\v4.0\Microsoft.CppBuild.targets(298,5): warning MSB8004: Intermediate 目录未以斜杠结尾。此生成实例将添加斜杠，因为必须有这个斜杠才能正确计算 Intermediate 目录。
     1>InitializeBuildStatus:
         正在创建“Win32\Debug\mainWidget.unsuccessfulbuild”，因为已指定“AlwaysCreate”。
       CustomBuild:
         Moc'ing bmpdialog.h...
         Moc'ing displaylayerdialog.h...
         Moc'ing glwidget.h...
         Moc'ing linescandialog.h...
         Moc'ing logindlg.h...
         Moc'ing mainwindow.h...
         Uic'ing glwidget.ui...
       ClCompile:
         D:\Program Files\Microsoft Visual Studio 10.0\VC\bin\CL.exe /c /IC:\Qt\4.8.6\include\QtCore /IC:\Qt\4.8.6\include\QtGui /IC:\Qt\4.8.6\include\QtOpenGL /IC:\Qt\4.8.6\include /IC:\Qt\4.8.6\include\ActiveQt /Idebug /I. /I..\..\..\..\Qt\4.8.6\mkspecs\default /I.\GeneratedFiles /Zi /nologo /W3 /WX- /Od /Oy- /D _WINDOWS /D UNICODE /D WIN32 /D QT_DLL /D QT_OPENGL_LIB /D QT_GUI_LIB /D QT_CORE_LIB /D QT_HAVE_MMX /D QT_HAVE_3DNOW /D QT_HAVE_SSE /D QT_HAVE_MMXEXT /D QT_HAVE_SSE2 /D QT_THREAD_SUPPORT /Gm- /EHsc /MDd /GS /fp:precise /Zc:wchar_t- /Zc:forScope /GR /Fo"Win32\Debug\\" /Fd"Win32\Debug\vc100.pdb" /Gd /TP /analyze- /errorReport:prompt bmpdialog.cpp Debug\moc_bmpdialog.cpp Debug\moc_displaylayerdialog.cpp Debug\moc_glwidget.cpp Debug\moc_linescandialog.cpp Debug\moc_logindlg.cpp Debug\moc_mainwindow.cpp glwidget.cpp main.cpp mainwindow.cpp -Zm200 -w34100 -w34189 
         bmpdialog.cpp
     1>c:\users\administrator\desktop\mainwidgetaddbmpadd_speed\generate_line.h(15): warning C4305: “初始化”: 从“double”到“const float”截断
     1>bmpdialog.cpp(94): warning C4996: 'itoa': The POSIX name for this item is deprecated. Instead, use the ISO C++ conformant name: _itoa. See online help for details.
                 D:\Program Files\Microsoft Visual Studio 10.0\VC\include\stdlib.h(867) : 参见“itoa”的声明
         moc_bmpdialog.cpp
     1>c:\users\administrator\desktop\mainwidgetaddbmpadd_speed\generate_line.h(15): warning C4305: “初始化”: 从“double”到“const float”截断
         moc_displaylayerdialog.cpp
         moc_glwidget.cpp
     1>c:\users\administrator\desktop\mainwidgetaddbmpadd_speed\generate_line.h(15): warning C4305: “初始化”: 从“double”到“const float”截断
         moc_linescandialog.cpp
     1>c:\users\administrator\desktop\mainwidgetaddbmpadd_speed\generate_line.h(15): warning C4305: “初始化”: 从“double”到“const float”截断
         moc_logindlg.cpp
         moc_mainwindow.cpp
     1>c:\users\administrator\desktop\mainwidgetaddbmpadd_speed\generate_line.h(15): warning C4305: “初始化”: 从“double”到“const float”截断
         glwidget.cpp
     1>c:\users\administrator\desktop\mainwidgetaddbmpadd_speed\generate_line.h(15): warning C4305: “初始化”: 从“double”到“const float”截断
         main.cpp
     1>c:\users\administrator\desktop\mainwidgetaddbmpadd_speed\generate_line.h(15): warning C4305: “初始化”: 从“double”到“const float”截断
         mainwindow.cpp
     1>c:\users\administrator\desktop\mainwidgetaddbmpadd_speed\generate_line.h(15): warning C4305: “初始化”: 从“double”到“const float”截断
         正在生成代码...
         所有输出均为最新。
       Link:
         D:\Program Files\Microsoft Visual Studio 10.0\VC\bin\link.exe /ERRORREPORT:PROMPT /OUT:"debug\\mainWidget.exe" /NOLOGO /LIBPATH:C:\Qt\4.8.6\lib /LIBPATH:C:\Qt\4.8.6\lib glu32.lib opengl32.lib gdi32.lib user32.lib C:\Qt\4.8.6\lib\qtmaind.lib C:\Qt\4.8.6\lib\QtOpenGLd4.lib C:\Qt\4.8.6\lib\QtGuid4.lib C:\Qt\4.8.6\lib\QtCored4.lib kernel32.lib user32.lib gdi32.lib winspool.lib comdlg32.lib advapi32.lib shell32.lib ole32.lib oleaut32.lib uuid.lib odbc32.lib odbccp32.lib /MANIFEST /ManifestFile:"Win32\Debug\mainWidget.exe.intermediate.manifest" /MANIFESTUAC:"level='asInvoker' uiAccess='false'" /DEBUG /PDB:"C:\Users\Administrator\Desktop\mainWidgetADDbmpADD_speed\debug\mainWidget.pdb" /SUBSYSTEM:WINDOWS /TLBID:1 /DYNAMICBASE /NXCOMPAT /MACHINE:X86 Win32\Debug\bmpdialog.obj
         Win32\Debug\moc_bmpdialog.obj
         Win32\Debug\moc_displaylayerdialog.obj
         Win32\Debug\moc_glwidget.obj
         Win32\Debug\moc_linescandialog.obj
         Win32\Debug\moc_logindlg.obj
         Win32\Debug\moc_mainwindow.obj
         Win32\Debug\displaylayerdialog.obj
         Win32\Debug\qrc_images.obj
         Win32\Debug\generate_line.obj
         Win32\Debug\glwidget.obj
         Win32\Debug\linescandialog.obj
         Win32\Debug\logindlg.obj
         Win32\Debug\main.obj
         Win32\Debug\mainwindow.obj
         Win32\Debug\qands.obj "/MANIFESTDEPENDENCY:type='win32' name='Microsoft.Windows.Common-Controls' version='6.0.0.0' publicKeyToken='6595b64144ccf1df' language='*' processorArchitecture='*'" 
         LINK : 没有找到 debug\\mainWidget.exe 或上一个增量链接没有生成它；正在执行完全链接
         mainWidget.vcxproj -> C:\Users\Administrator\Desktop\mainWidgetADDbmpADD_speed\debug\mainWidget.exe
       Manifest:
         c:\Program Files\Microsoft SDKs\Windows\v7.0A\bin\mt.exe /nologo /verbose /outputresource:"debug\\mainWidget.exe;#1" /manifest Win32\Debug\mainWidget.exe.intermediate.manifest
       FinalizeBuildStatus:
         正在删除文件“Win32\Debug\mainWidget.unsuccessfulbuild”。
         正在对“Win32\Debug\mainWidget.lastbuildstate”执行 Touch 任务。
     1>已完成生成项目“C:\Users\Administrator\Desktop\mainWidgetADDbmpADD_speed\mainWidget.vcxproj”(build 个目标)的操作。

生成成功。

已用时间 00:00:22.26
